0 info it worked if it ends with ok
1 verbose cli [ 'node', '/usr/local/bin/npm', 'publish' ]
2 info using npm@2.5.1
3 info using node@v0.12.1
4 verbose publish [ '.' ]
5 silly cache add args [ '.', null ]
6 verbose cache add spec .
7 silly cache add parsed spec { raw: '.',
7 silly cache add   scope: null,
7 silly cache add   name: null,
7 silly cache add   rawSpec: '.',
7 silly cache add   spec: '/Users/sterlingcalder/Code/Node/read-line',
7 silly cache add   type: 'directory' }
8 verbose addLocalDirectory /Users/sterlingcalder/.npm/read-line/0.1.1/package.tgz not in flight; packing
9 verbose tar pack [ '/Users/sterlingcalder/.npm/read-line/0.1.1/package.tgz',
9 verbose tar pack   '/Users/sterlingcalder/Code/Node/read-line' ]
10 verbose tarball /Users/sterlingcalder/.npm/read-line/0.1.1/package.tgz
11 verbose folder /Users/sterlingcalder/Code/Node/read-line
12 info prepublish read-line@0.1.1
13 verbose addLocalTarball adding from inside cache /Users/sterlingcalder/.npm/read-line/0.1.1/package.tgz
14 silly cache afterAdd read-line@0.1.1
15 verbose afterAdd /Users/sterlingcalder/.npm/read-line/0.1.1/package/package.json not in flight; writing
16 verbose afterAdd /Users/sterlingcalder/.npm/read-line/0.1.1/package/package.json written
17 silly publish { name: 'read-line',
17 silly publish   description: 'An implementation of readline for Nodejs',
17 silly publish   version: '0.1.1',
17 silly publish   homepage: 'https://github.com/jordancalder/read-line',
17 silly publish   author:
17 silly publish    { name: 'Sterling Jordan Calder',
17 silly publish      email: 'jordancalder@gmail.com',
17 silly publish      url: 'http://jordancalder.com' },
17 silly publish   repository:
17 silly publish    { type: 'git',
17 silly publish      url: 'git://github.com/jordancalder/read-line.git' },
17 silly publish   bugs: { url: 'https://github.com/jordancalder/read-line/issues' },
17 silly publish   licenses:
17 silly publish    [ { type: 'MIT',
17 silly publish        url: 'https://github.com/jordancalder/read-line/blob/master/LICENSE-MIT' } ],
17 silly publish   main: 'lib/read-line',
17 silly publish   engines: { node: '>= 0.10.0' },
17 silly publish   keywords: [ 'readline', 'line', 'read', 'file' ],
17 silly publish   readme: '# read-line [![Build Status](https://secure.travis-ci.org/jordancalder/read-line.png?branch=master)](http://travis-ci.org/jordancalder/read-line)\n\nAn implementation of readline for Nodejs (while native is unstable)\n\n## Getting Started\nInstall the module with: `npm install read-line`\n\n```javascript\nvar read_line = require(\'read-line\')\nvar fs = require(\'fs\')\n\nvar input = fs.createReadStream(__dirname + \'/test-file.txt\')\ninput.pipe(read_line)\nread_line.on(\'readable\', function () {\n     var line\n     while (line = read_line.read()) {\n          console.log(line)\n     }\n})\n\n```\n\n## License\nCopyright (c) 2015 Sterling Jordan Calder  \nLicensed under the MIT license.\n',
17 silly publish   readmeFilename: 'README.md',
17 silly publish   gitHead: 'e3ecd8378aeb20cc456a41afdef40f65de4465b5',
17 silly publish   _id: 'read-line@0.1.1',
17 silly publish   scripts: {},
17 silly publish   _shasum: '7b4d90728844f07316f85bd668a7d286ffeebeaf',
17 silly publish   _from: '.' }
18 silly mapToRegistry name read-line
19 silly mapToRegistry using default registry
20 silly mapToRegistry registry https://registry.npmjs.org/
21 silly mapToRegistry uri https://registry.npmjs.org/read-line
22 verbose publish registryBase https://registry.npmjs.org/
23 silly publish uploading /Users/sterlingcalder/.npm/read-line/0.1.1/package.tgz
24 verbose request uri https://registry.npmjs.org/read-line
25 verbose request sending authorization for write operation
26 info attempt registry request try #1 at 9:51:09 AM
27 verbose request id 32e40161fd3eaa10
28 http request PUT https://registry.npmjs.org/read-line
29 http 409 https://registry.npmjs.org/read-line
30 verbose headers { date: 'Thu, 09 Apr 2015 15:51:10 GMT',
30 verbose headers   server: 'Apache',
30 verbose headers   'content-type': 'application/json',
30 verbose headers   'cache-control': 'max-age=60',
30 verbose headers   'content-length': '17',
30 verbose headers   'accept-ranges': 'bytes',
30 verbose headers   via: '1.1 varnish',
30 verbose headers   'x-served-by': 'cache-dfw1832-DFW',
30 verbose headers   'x-cache': 'MISS',
30 verbose headers   'x-cache-hits': '0',
30 verbose headers   'x-timer': 'S1428594670.250461,VS0,VE277',
30 verbose headers   'keep-alive': 'timeout=10, max=50',
30 verbose headers   connection: 'Keep-Alive' }
31 verbose request invalidating /Users/sterlingcalder/.npm/registry.npmjs.org/read-line on PUT
32 verbose request uri https://registry.npmjs.org/read-line?write=true
33 verbose request no auth needed
34 info attempt registry request try #1 at 9:51:10 AM
35 http request GET https://registry.npmjs.org/read-line?write=true
36 http 200 https://registry.npmjs.org/read-line?write=true
37 verbose stack Error: cannot modify pre-existing version
37 verbose stack     at conflictError (/usr/local/lib/node_modules/npm/node_modules/npm-registry-client/lib/publish.js:184:11)
37 verbose stack     at CachingRegistryClient.putNext (/usr/local/lib/node_modules/npm/node_modules/npm-registry-client/lib/publish.js:147:15)
37 verbose stack     at /usr/local/lib/node_modules/npm/node_modules/npm-registry-client/lib/publish.js:129:15
37 verbose stack     at /usr/local/lib/node_modules/npm/lib/cache/caching-client.js:52:8
37 verbose stack     at f (/usr/local/lib/node_modules/npm/node_modules/once/once.js:17:25)
37 verbose stack     at /usr/local/lib/node_modules/npm/node_modules/npm-registry-client/lib/request.js:73:16
37 verbose stack     at f (/usr/local/lib/node_modules/npm/node_modules/once/once.js:17:25)
37 verbose stack     at CachingRegistryClient.<anonymous> (/usr/local/lib/node_modules/npm/node_modules/npm-registry-client/lib/request.js:262:12)
37 verbose stack     at Request._callback (/usr/local/lib/node_modules/npm/node_modules/npm-registry-client/lib/request.js:178:14)
37 verbose stack     at Request.self.callback (/usr/local/lib/node_modules/npm/node_modules/request/request.js:344:22)
38 verbose pkgid read-line
39 verbose cwd /Users/sterlingcalder/Code/Node/read-line
40 error Darwin 14.3.0
41 error argv "node" "/usr/local/bin/npm" "publish"
42 error node v0.12.1
43 error npm  v2.5.1
44 error code EPUBLISHCONFLICT
45 error publish fail Cannot publish over existing version.
45 error publish fail Update the 'version' field in package.json and try again.
45 error publish fail
45 error publish fail To automatically increment version numbers, see:
45 error publish fail     npm help version
46 verbose exit [ 1, true ]
